build/app/intermediates/manifest_merge_blame_file/release/manifest-merger-blame-release-report.txt
1<?xml version="1.0" encoding="utf-8"?>
2<manifest xmlns:android="http://schemas.android.com/apk/res/android"
3    package="com.example.spotless"
4    android:versionCode="1"
5    android:versionName="1.0.0" >
6
7    <uses-sdk
8        android:minSdkVersion="21"
8-->src\main\AndroidManifest.xml
9        android:targetSdkVersion="33" />
9-->src\main\AndroidManifest.xml
10
11    <uses-permission android:name="android.permission.INTERNET" />
11-->src\main\AndroidManifest.xml:2:2-64
11-->src\main\AndroidManifest.xml:2:19-61
12    <uses-permission android:name="android.permission.READ_EXTERNAL_STORAGE" />
12-->src\main\AndroidManifest.xml:3:2-77
12-->src\main\AndroidManifest.xml:3:19-74
13    <uses-permission android:name="android.permission.WRITE_EXTERNAL_STORAGE" />
13-->src\main\AndroidManifest.xml:4:2-78
13-->src\main\AndroidManifest.xml:4:19-75
14    <uses-permission android:name="android.permission.RECEIVE_BOOT_COMPLETED" />
14-->src\main\AndroidManifest.xml:5:2-78
14-->src\main\AndroidManifest.xml:5:19-75
15    <uses-permission android:name="android.permission.SYSTEM_ALERT_WINDOW" />
15-->src\main\AndroidManifest.xml:6:2-75
15-->src\main\AndroidManifest.xml:6:19-72
16    <uses-permission android:name="android.permission.CAMERA" />
16-->src\main\AndroidManifest.xml:7:2-62
16-->src\main\AndroidManifest.xml:7:19-59
17
18    <queries>
18-->src\main\AndroidManifest.xml:29:2-35:12
19
20        <!-- If your app checks for call support -->
21        <intent>
21-->src\main\AndroidManifest.xml:31:3-34:12
22            <action android:name="android.intent.action.VIEW" />
22-->src\main\AndroidManifest.xml:32:4-56
22-->src\main\AndroidManifest.xml:32:12-53
23
24            <data android:scheme="tel" />
24-->src\main\AndroidManifest.xml:33:4-33
24-->src\main\AndroidManifest.xml:33:10-30
25        </intent>
26    </queries>
27
28    <uses-permission android:name="android.permission.VIBRATE" />
28-->[:flutter_local_notifications] AndroidManifest.xml:10:5-66
28-->[:flutter_local_notifications] AndroidManifest.xml:10:22-63
29    <uses-permission android:name="android.permission.USE_FULL_SCREEN_INTENT" />
29-->[:flutter_local_notifications] AndroidManifest.xml:11:5-81
29-->[:flutter_local_notifications] AndroidManifest.xml:11:22-78
30    <uses-permission android:name="android.permission.SCHEDULE_EXACT_ALARM" />
30-->[:flutter_local_notifications] AndroidManifest.xml:12:5-79
30-->[:flutter_local_notifications] AndroidManifest.xml:12:22-76
31    <uses-permission android:name="android.permission.POST_NOTIFICATIONS" /> <!-- Create a unique permission for your app and use it so only your app can receive your OneSignal messages. -->
31-->[:flutter_local_notifications] AndroidManifest.xml:13:5-77
31-->[:flutter_local_notifications] AndroidManifest.xml:13:22-74
32    <permission
32-->[com.onesignal:OneSignal:4.8.2] AndroidManifest.xml:7:5-9:47
33        android:name="com.example.spotless.permission.C2D_MESSAGE"
33-->[com.onesignal:OneSignal:4.8.2] AndroidManifest.xml:8:9-63
34        android:protectionLevel="signature" />
34-->[com.onesignal:OneSignal:4.8.2] AndroidManifest.xml:9:9-44
35
36    <uses-permission android:name="com.example.spotless.permission.C2D_MESSAGE" /> <!-- c2dm RECEIVE are basic requirements for push messages through Google's FCM -->
36-->[com.onesignal:OneSignal:4.8.2] AndroidManifest.xml:11:5-79
36-->[com.onesignal:OneSignal:4.8.2] AndroidManifest.xml:11:22-76
37    <uses-permission android:name="com.google.android.c2dm.permission.RECEIVE" /> <!-- Required, makes sure notifications are delivered on time. -->
37-->[com.onesignal:OneSignal:4.8.2] AndroidManifest.xml:18:5-82
37-->[com.onesignal:OneSignal:4.8.2] AndroidManifest.xml:18:22-79
38    <uses-permission android:name="android.permission.WAKE_LOCK" />
38-->[com.onesignal:OneSignal:4.8.2] AndroidManifest.xml:19:5-68
38-->[com.onesignal:OneSignal:4.8.2] AndroidManifest.xml:19:22-65
39    <uses-permission android:name="android.permission.ACCESS_NETWORK_STATE" /> <!-- START: ShortcutBadger -->
39-->[com.onesignal:OneSignal:4.8.2] AndroidManifest.xml:25:5-79
39-->[com.onesignal:OneSignal:4.8.2] AndroidManifest.xml:25:22-76
40    <!-- Samsung -->
41    <uses-permission android:name="com.sec.android.provider.badge.permission.READ" />
41-->[com.onesignal:OneSignal:4.8.2] AndroidManifest.xml:32:5-86
41-->[com.onesignal:OneSignal:4.8.2] AndroidManifest.xml:32:22-83
42    <uses-permission android:name="com.sec.android.provider.badge.permission.WRITE" /> <!-- HTC -->
42-->[com.onesignal:OneSignal:4.8.2] AndroidManifest.xml:33:5-87
42-->[com.onesignal:OneSignal:4.8.2] AndroidManifest.xml:33:22-84
43    <uses-permission android:name="com.htc.launcher.permission.READ_SETTINGS" />
43-->[com.onesignal:OneSignal:4.8.2] AndroidManifest.xml:34:5-81
43-->[com.onesignal:OneSignal:4.8.2] AndroidManifest.xml:34:22-78
44    <uses-permission android:name="com.htc.launcher.permission.UPDATE_SHORTCUT" /> <!-- Sony -->
44-->[com.onesignal:OneSignal:4.8.2] AndroidManifest.xml:35:5-83
44-->[com.onesignal:OneSignal:4.8.2] AndroidManifest.xml:35:22-80
45    <uses-permission android:name="com.sonyericsson.home.permission.BROADCAST_BADGE" />
45-->[com.onesignal:OneSignal:4.8.2] AndroidManifest.xml:36:5-88
45-->[com.onesignal:OneSignal:4.8.2] AndroidManifest.xml:36:22-85
46    <uses-permission android:name="com.sonymobile.home.permission.PROVIDER_INSERT_BADGE" /> <!-- Apex -->
46-->[com.onesignal:OneSignal:4.8.2] AndroidManifest.xml:37:5-92
46-->[com.onesignal:OneSignal:4.8.2] AndroidManifest.xml:37:22-89
47    <uses-permission android:name="com.anddoes.launcher.permission.UPDATE_COUNT" /> <!-- Solid -->
47-->[com.onesignal:OneSignal:4.8.2] AndroidManifest.xml:38:5-84
47-->[com.onesignal:OneSignal:4.8.2] AndroidManifest.xml:38:22-81
48    <uses-permission android:name="com.majeur.launcher.permission.UPDATE_BADGE" /> <!-- Huawei -->
48-->[com.onesignal:OneSignal:4.8.2] AndroidManifest.xml:39:5-83
48-->[com.onesignal:OneSignal:4.8.2] AndroidManifest.xml:39:22-80
49    <uses-permission android:name="com.huawei.android.launcher.permission.CHANGE_BADGE" />
49-->[com.onesignal:OneSignal:4.8.2] AndroidManifest.xml:40:5-91
49-->[com.onesignal:OneSignal:4.8.2] AndroidManifest.xml:40:22-88
50    <uses-permission android:name="com.huawei.android.launcher.permission.READ_SETTINGS" />
50-->[com.onesignal:OneSignal:4.8.2] AndroidManifest.xml:41:5-92
50-->[com.onesignal:OneSignal:4.8.2] AndroidManifest.xml:41:22-89
51    <uses-permission android:name="com.huawei.android.launcher.permission.WRITE_SETTINGS" /> <!-- ZUK -->
51-->[com.onesignal:OneSignal:4.8.2] AndroidManifest.xml:42:5-93
51-->[com.onesignal:OneSignal:4.8.2] AndroidManifest.xml:42:22-90
52    <uses-permission android:name="android.permission.READ_APP_BADGE" /> <!-- OPPO -->
52-->[com.onesignal:OneSignal:4.8.2] AndroidManifest.xml:43:5-73
52-->[com.onesignal:OneSignal:4.8.2] AndroidManifest.xml:43:22-70
53    <uses-permission android:name="com.oppo.launcher.permission.READ_SETTINGS" />
53-->[com.onesignal:OneSignal:4.8.2] AndroidManifest.xml:44:5-82
53-->[com.onesignal:OneSignal:4.8.2] AndroidManifest.xml:44:22-79
54    <uses-permission android:name="com.oppo.launcher.permission.WRITE_SETTINGS" /> <!-- EvMe -->
54-->[com.onesignal:OneSignal:4.8.2] AndroidManifest.xml:45:5-83
54-->[com.onesignal:OneSignal:4.8.2] AndroidManifest.xml:45:22-80
55    <uses-permission android:name="me.everything.badger.permission.BADGE_COUNT_READ" />
55-->[com.onesignal:OneSignal:4.8.2] AndroidManifest.xml:46:5-88
55-->[com.onesignal:OneSignal:4.8.2] AndroidManifest.xml:46:22-85
56    <uses-permission android:name="me.everything.badger.permission.BADGE_COUNT_WRITE" />
56-->[com.onesignal:OneSignal:4.8.2] AndroidManifest.xml:47:5-89
56-->[com.onesignal:OneSignal:4.8.2] AndroidManifest.xml:47:22-86
57    <uses-permission android:name="com.google.android.gms.permission.AD_ID" />
57-->[com.google.android.gms:play-services-measurement-api:21.1.1] AndroidManifest.xml:25:5-79
57-->[com.google.android.gms:play-services-measurement-api:21.1.1] AndroidManifest.xml:25:22-76
58    <uses-permission android:name="android.permission.FOREGROUND_SERVICE" />
58-->[androidx.work:work-runtime:2.7.1] AndroidManifest.xml:28:5-77
58-->[androidx.work:work-runtime:2.7.1] AndroidManifest.xml:28:22-74
59    <uses-permission android:name="com.google.android.finsky.permission.BIND_GET_INSTALL_REFERRER_SERVICE" />
59-->[com.google.android.gms:play-services-measurement:21.1.1] AndroidManifest.xml:26:5-110
59-->[com.google.android.gms:play-services-measurement:21.1.1] AndroidManifest.xml:26:22-107
60
61    <application
62        android:name="android.app.Application"
62-->src\main\AndroidManifest.xml:8:40-73
63        android:appComponentFactory="androidx.core.app.CoreComponentFactory"
63-->[androidx.core:core:1.8.0] AndroidManifest.xml:24:18-86
64        android:icon="@mipmap/ic_launcher"
64-->src\main\AndroidManifest.xml:8:110-144
65        android:label="spotless"
65-->src\main\AndroidManifest.xml:8:15-39
66        android:usesCleartextTraffic="true" >
66-->src\main\AndroidManifest.xml:8:74-109
67        <activity
67-->src\main\AndroidManifest.xml:9:3-21:14
68            android:name="com.example.spotless.MainActivity"
68-->src\main\AndroidManifest.xml:9:13-41
69            android:configChanges="orientation|keyboardHidden|keyboard|screenSize|smallestScreenSize|locale|layoutDirection|fontScale|screenLayout|density|uiMode"
69-->src\main\AndroidManifest.xml:9:132-282
70            android:exported="true"
70-->src\main\AndroidManifest.xml:9:42-65
71            android:hardwareAccelerated="true"
71-->src\main\AndroidManifest.xml:9:283-317
72            android:launchMode="singleTop"
72-->src\main\AndroidManifest.xml:9:66-96
73            android:screenOrientation="portrait"
73-->src\main\AndroidManifest.xml:9:318-354
74            android:theme="@style/LaunchTheme"
74-->src\main\AndroidManifest.xml:9:97-131
75            android:windowSoftInputMode="adjustResize" >
75-->src\main\AndroidManifest.xml:9:355-397
76
77            <!--
78			Specifies an Android theme to apply to this Activity as soon as
79			the Android process has started. This theme is visible to the user
80			while the Flutter UI initializes. After that, this theme continues
81			to determine the Window background behind the Flutter UI.
82            -->
83            <meta-data
83-->src\main\AndroidManifest.xml:16:4-111
84                android:name="io.flutter.embedding.android.NormalTheme"
84-->src\main\AndroidManifest.xml:16:15-70
85                android:resource="@style/NormalTheme" />
85-->src\main\AndroidManifest.xml:16:71-108
86
87            <intent-filter>
87-->src\main\AndroidManifest.xml:17:4-20:20
88                <action android:name="android.intent.action.MAIN" />
88-->src\main\AndroidManifest.xml:18:5-57
88-->src\main\AndroidManifest.xml:18:13-54
89
90                <category android:name="android.intent.category.LAUNCHER" />
90-->src\main\AndroidManifest.xml:19:5-65
90-->src\main\AndroidManifest.xml:19:15-62
91            </intent-filter>
92        </activity>
93        <!--
94		Don't delete the meta-data below.
95		This is used by the Flutter tool to generate GeneratedPluginRegistrant.java
96        -->
97        <meta-data
97-->src\main\AndroidManifest.xml:26:3-66
98            android:name="flutterEmbedding"
98-->src\main\AndroidManifest.xml:26:14-45
99            android:value="2" />
99-->src\main\AndroidManifest.xml:26:46-63
100        <meta-data
100-->src\main\AndroidManifest.xml:27:3-145
101            android:name="com.app.onesignal.NotificationServiceExtension"
101-->src\main\AndroidManifest.xml:27:14-75
102            android:value="com.app.view.services.NotificationServiceExtension" />
102-->src\main\AndroidManifest.xml:27:76-142
103
104        <provider
104-->[:image_picker_android] AndroidManifest.xml:10:9-18:20
105            android:name="io.flutter.plugins.imagepicker.ImagePickerFileProvider"
105-->[:image_picker_android] AndroidManifest.xml:11:13-82
106            android:authorities="com.example.spotless.flutter.image_provider"
106-->[:image_picker_android] AndroidManifest.xml:12:13-74
107            android:exported="false"
107-->[:image_picker_android] AndroidManifest.xml:13:13-37
108            android:grantUriPermissions="true" >
108-->[:image_picker_android] AndroidManifest.xml:14:13-47
109            <meta-data
109-->[:image_picker_android] AndroidManifest.xml:15:13-17:75
110                android:name="android.support.FILE_PROVIDER_PATHS"
110-->[:image_picker_android] AndroidManifest.xml:16:17-67
111                android:resource="@xml/flutter_image_picker_file_paths" />
111-->[:image_picker_android] AndroidManifest.xml:17:17-72
112        </provider>
113
114        <activity
114-->[:url_launcher_android] AndroidManifest.xml:10:9-13:74
115            android:name="io.flutter.plugins.urllauncher.WebViewActivity"
115-->[:url_launcher_android] AndroidManifest.xml:11:13-74
116            android:exported="false"
116-->[:url_launcher_android] AndroidManifest.xml:12:13-37
117            android:theme="@android:style/Theme.NoTitleBar.Fullscreen" />
117-->[:url_launcher_android] AndroidManifest.xml:13:13-71
118
119        <receiver
119-->[:flutter_local_notifications] AndroidManifest.xml:16:9-18:40
120            android:name="com.dexterous.flutterlocalnotifications.ActionBroadcastReceiver"
120-->[:flutter_local_notifications] AndroidManifest.xml:17:13-91
121            android:exported="false" />
121-->[:flutter_local_notifications] AndroidManifest.xml:18:13-37
122        <receiver
122-->[:flutter_local_notifications] AndroidManifest.xml:19:9-21:40
123            android:name="com.dexterous.flutterlocalnotifications.ScheduledNotificationReceiver"
123-->[:flutter_local_notifications] AndroidManifest.xml:20:13-97
124            android:exported="false" />
124-->[:flutter_local_notifications] AndroidManifest.xml:21:13-37
125        <receiver
125-->[:flutter_local_notifications] AndroidManifest.xml:22:9-31:20
126            android:name="com.dexterous.flutterlocalnotifications.ScheduledNotificationBootReceiver"
126-->[:flutter_local_notifications] AndroidManifest.xml:23:13-101
127            android:exported="false" >
127-->[:flutter_local_notifications] AndroidManifest.xml:24:13-37
128            <intent-filter>
128-->[:flutter_local_notifications] AndroidManifest.xml:25:13-30:29
129                <action android:name="android.intent.action.BOOT_COMPLETED" />
129-->[:flutter_local_notifications] AndroidManifest.xml:26:17-79
129-->[:flutter_local_notifications] AndroidManifest.xml:26:25-76
130                <action android:name="android.intent.action.MY_PACKAGE_REPLACED" />
130-->[:flutter_local_notifications] AndroidManifest.xml:27:17-84
130-->[:flutter_local_notifications] AndroidManifest.xml:27:25-81
131                <action android:name="android.intent.action.QUICKBOOT_POWERON" />
131-->[:flutter_local_notifications] AndroidManifest.xml:28:17-82
131-->[:flutter_local_notifications] AndroidManifest.xml:28:25-79
132                <action android:name="com.htc.intent.action.QUICKBOOT_POWERON" />
132-->[:flutter_local_notifications] AndroidManifest.xml:29:17-82
132-->[:flutter_local_notifications] AndroidManifest.xml:29:25-79
133            </intent-filter>
134        </receiver>
135
136        <provider
136-->[:share_plus] AndroidManifest.xml:10:9-18:20
137            android:name="dev.fluttercommunity.plus.share.ShareFileProvider"
137-->[:share_plus] AndroidManifest.xml:11:13-77
138            android:authorities="com.example.spotless.flutter.share_provider"
138-->[:share_plus] AndroidManifest.xml:12:13-74
139            android:exported="false"
139-->[:share_plus] AndroidManifest.xml:13:13-37
140            android:grantUriPermissions="true" >
140-->[:share_plus] AndroidManifest.xml:14:13-47
141            <meta-data
141-->[:image_picker_android] AndroidManifest.xml:15:13-17:75
142                android:name="android.support.FILE_PROVIDER_PATHS"
142-->[:image_picker_android] AndroidManifest.xml:16:17-67
143                android:resource="@xml/flutter_share_file_paths" />
143-->[:image_picker_android] AndroidManifest.xml:17:17-72
144        </provider>
145
146        <service
146-->[com.google.firebase:firebase-analytics-ktx:21.1.1] AndroidManifest.xml:8:9-14:19
147            android:name="com.google.firebase.components.ComponentDiscoveryService"
147-->[com.google.firebase:firebase-analytics-ktx:21.1.1] AndroidManifest.xml:9:13-84
148            android:directBootAware="true"
148-->[com.google.firebase:firebase-common:20.1.2] AndroidManifest.xml:35:13-43
149            android:exported="false" >
149-->[com.google.firebase:firebase-analytics-ktx:21.1.1] AndroidManifest.xml:10:13-37
150            <meta-data
150-->[com.google.firebase:firebase-analytics-ktx:21.1.1] AndroidManifest.xml:11:13-13:85
151                android:name="com.google.firebase.components:com.google.firebase.analytics.ktx.FirebaseAnalyticsKtxRegistrar"
151-->[com.google.firebase:firebase-analytics-ktx:21.1.1] AndroidManifest.xml:12:17-126
152                android:value="com.google.firebase.components.ComponentRegistrar" />
152-->[com.google.firebase:firebase-analytics-ktx:21.1.1] AndroidManifest.xml:13:17-82
153            <meta-data
153-->[com.google.firebase:firebase-messaging:23.0.8] AndroidManifest.xml:56:13-58:85
154                android:name="com.google.firebase.components:com.google.firebase.messaging.FirebaseMessagingRegistrar"
154-->[com.google.firebase:firebase-messaging:23.0.8] AndroidManifest.xml:57:17-119
155                android:value="com.google.firebase.components.ComponentRegistrar" />
155-->[com.google.firebase:firebase-messaging:23.0.8] AndroidManifest.xml:58:17-82
156            <meta-data
156-->[com.google.firebase:firebase-datatransport:18.1.6] AndroidManifest.xml:28:13-30:85
157                android:name="com.google.firebase.components:com.google.firebase.datatransport.TransportRegistrar"
157-->[com.google.firebase:firebase-datatransport:18.1.6] AndroidManifest.xml:29:17-115
158                android:value="com.google.firebase.components.ComponentRegistrar" />
158-->[com.google.firebase:firebase-datatransport:18.1.6] AndroidManifest.xml:30:17-82
159            <meta-data
159-->[com.google.firebase:firebase-common-ktx:20.1.2] AndroidManifest.xml:15:13-17:85
160                android:name="com.google.firebase.components:com.google.firebase.ktx.FirebaseCommonKtxRegistrar"
160-->[com.google.firebase:firebase-common-ktx:20.1.2] AndroidManifest.xml:16:17-113
161                android:value="com.google.firebase.components.ComponentRegistrar" />
161-->[com.google.firebase:firebase-common-ktx:20.1.2] AndroidManifest.xml:17:17-82
162            <meta-data
162-->[com.google.android.gms:play-services-measurement-api:21.1.1] AndroidManifest.xml:31:13-33:85
163                android:name="com.google.firebase.components:com.google.firebase.analytics.connector.internal.AnalyticsConnectorRegistrar"
163-->[com.google.android.gms:play-services-measurement-api:21.1.1] AndroidManifest.xml:32:17-139
164                android:value="com.google.firebase.components.ComponentRegistrar" />
164-->[com.google.android.gms:play-services-measurement-api:21.1.1] AndroidManifest.xml:33:17-82
165            <meta-data
165-->[com.google.firebase:firebase-installations:17.0.2] AndroidManifest.xml:18:13-20:85
166                android:name="com.google.firebase.components:com.google.firebase.installations.FirebaseInstallationsRegistrar"
166-->[com.google.firebase:firebase-installations:17.0.2] AndroidManifest.xml:19:17-127
167                android:value="com.google.firebase.components.ComponentRegistrar" />
167-->[com.google.firebase:firebase-installations:17.0.2] AndroidManifest.xml:20:17-82
168        </service>
169
170        <receiver
170-->[com.onesignal:OneSignal:4.8.2] AndroidManifest.xml:50:9-61:20
171            android:name="com.onesignal.FCMBroadcastReceiver"
171-->[com.onesignal:OneSignal:4.8.2] AndroidManifest.xml:51:13-62
172            android:exported="true"
172-->[com.onesignal:OneSignal:4.8.2] AndroidManifest.xml:52:13-36
173            android:permission="com.google.android.c2dm.permission.SEND" >
173-->[com.onesignal:OneSignal:4.8.2] AndroidManifest.xml:53:13-73
174
175            <!-- High priority so OneSignal payloads can be filtered from other FCM receivers -->
176            <intent-filter android:priority="999" >
176-->[com.onesignal:OneSignal:4.8.2] AndroidManifest.xml:56:13-60:29
176-->[com.onesignal:OneSignal:4.8.2] AndroidManifest.xml:56:28-50
177                <action android:name="com.google.android.c2dm.intent.RECEIVE" />
177-->[com.onesignal:OneSignal:4.8.2] AndroidManifest.xml:57:17-81
177-->[com.onesignal:OneSignal:4.8.2] AndroidManifest.xml:57:25-78
178
179                <category android:name="com.example.spotless" />
179-->[com.onesignal:OneSignal:4.8.2] AndroidManifest.xml:59:17-61
179-->[com.onesignal:OneSignal:4.8.2] AndroidManifest.xml:59:27-58
180            </intent-filter>
181        </receiver>
182
183        <service
183-->[com.onesignal:OneSignal:4.8.2] AndroidManifest.xml:63:9-69:19
184            android:name="com.onesignal.HmsMessageServiceOneSignal"
184-->[com.onesignal:OneSignal:4.8.2] AndroidManifest.xml:64:13-68
185            android:exported="false" >
185-->[com.onesignal:OneSignal:4.8.2] AndroidManifest.xml:65:13-37
186            <intent-filter>
186-->[com.onesignal:OneSignal:4.8.2] AndroidManifest.xml:66:13-68:29
187                <action android:name="com.huawei.push.action.MESSAGING_EVENT" />
187-->[com.onesignal:OneSignal:4.8.2] AndroidManifest.xml:67:17-81
187-->[com.onesignal:OneSignal:4.8.2] AndroidManifest.xml:67:25-78
188            </intent-filter>
189        </service>
190
191        <activity
191-->[com.onesignal:OneSignal:4.8.2] AndroidManifest.xml:71:9-79:20
192            android:name="com.onesignal.NotificationOpenedActivityHMS"
192-->[com.onesignal:OneSignal:4.8.2] AndroidManifest.xml:72:13-71
193            android:exported="true"
193-->[com.onesignal:OneSignal:4.8.2] AndroidManifest.xml:73:13-36
194            android:noHistory="true"
194-->[com.onesignal:OneSignal:4.8.2] AndroidManifest.xml:74:13-37
195            android:theme="@android:style/Theme.Translucent.NoTitleBar" >
195-->[com.onesignal:OneSignal:4.8.2] AndroidManifest.xml:75:13-72
196            <intent-filter>
196-->[com.onesignal:OneSignal:4.8.2] AndroidManifest.xml:76:13-78:29
197                <action android:name="android.intent.action.VIEW" />
197-->src\main\AndroidManifest.xml:32:4-56
197-->src\main\AndroidManifest.xml:32:12-53
198            </intent-filter>
199        </activity>
200
201        <service
201-->[com.onesignal:OneSignal:4.8.2] AndroidManifest.xml:81:9-83:40
202            android:name="com.onesignal.FCMIntentService"
202-->[com.onesignal:OneSignal:4.8.2] AndroidManifest.xml:82:13-58
203            android:exported="false" />
203-->[com.onesignal:OneSignal:4.8.2] AndroidManifest.xml:83:13-37
204        <service
204-->[com.onesignal:OneSignal:4.8.2] AndroidManifest.xml:84:9-87:72
205            android:name="com.onesignal.FCMIntentJobService"
205-->[com.onesignal:OneSignal:4.8.2] AndroidManifest.xml:85:13-61
206            android:exported="false"
206-->[com.onesignal:OneSignal:4.8.2] AndroidManifest.xml:86:13-37
207            android:permission="android.permission.BIND_JOB_SERVICE" />
207-->[com.onesignal:OneSignal:4.8.2] AndroidManifest.xml:87:13-69
208        <service
208-->[com.onesignal:OneSignal:4.8.2] AndroidManifest.xml:88:9-91:43
209            android:name="com.onesignal.SyncService"
209-->[com.onesignal:OneSignal:4.8.2] AndroidManifest.xml:89:13-53
210            android:exported="false"
210-->[com.onesignal:OneSignal:4.8.2] AndroidManifest.xml:90:13-37
211            android:stopWithTask="true" />
211-->[com.onesignal:OneSignal:4.8.2] AndroidManifest.xml:91:13-40
212        <service
212-->[com.onesignal:OneSignal:4.8.2] AndroidManifest.xml:92:9-95:72
213            android:name="com.onesignal.SyncJobService"
213-->[com.onesignal:OneSignal:4.8.2] AndroidManifest.xml:93:13-56
214            android:exported="false"
214-->[com.onesignal:OneSignal:4.8.2] AndroidManifest.xml:94:13-37
215            android:permission="android.permission.BIND_JOB_SERVICE" />
215-->[com.onesignal:OneSignal:4.8.2] AndroidManifest.xml:95:13-69
216
217        <activity
217-->[com.onesignal:OneSignal:4.8.2] AndroidManifest.xml:97:9-100:75
218            android:name="com.onesignal.PermissionsActivity"
218-->[com.onesignal:OneSignal:4.8.2] AndroidManifest.xml:98:13-61
219            android:exported="false"
219-->[com.onesignal:OneSignal:4.8.2] AndroidManifest.xml:99:13-37
220            android:theme="@android:style/Theme.Translucent.NoTitleBar" />
220-->[com.onesignal:OneSignal:4.8.2] AndroidManifest.xml:100:13-72
221
222        <receiver
222-->[com.onesignal:OneSignal:4.8.2] AndroidManifest.xml:102:9-104:39
223            android:name="com.onesignal.NotificationDismissReceiver"
223-->[com.onesignal:OneSignal:4.8.2] AndroidManifest.xml:103:13-69
224            android:exported="true" />
224-->[com.onesignal:OneSignal:4.8.2] AndroidManifest.xml:104:13-36
225        <receiver
225-->[com.onesignal:OneSignal:4.8.2] AndroidManifest.xml:105:9-112:20
226            android:name="com.onesignal.BootUpReceiver"
226-->[com.onesignal:OneSignal:4.8.2] AndroidManifest.xml:106:13-56
227            android:exported="true" >
227-->[com.onesignal:OneSignal:4.8.2] AndroidManifest.xml:107:13-36
228            <intent-filter>
228-->[com.onesignal:OneSignal:4.8.2] AndroidManifest.xml:108:13-111:29
229                <action android:name="android.intent.action.BOOT_COMPLETED" />
229-->[:flutter_local_notifications] AndroidManifest.xml:26:17-79
229-->[:flutter_local_notifications] AndroidManifest.xml:26:25-76
230                <action android:name="android.intent.action.QUICKBOOT_POWERON" />
230-->[:flutter_local_notifications] AndroidManifest.xml:28:17-82
230-->[:flutter_local_notifications] AndroidManifest.xml:28:25-79
231            </intent-filter>
232        </receiver>
233        <receiver
233-->[com.onesignal:OneSignal:4.8.2] AndroidManifest.xml:113:9-119:20
234            android:name="com.onesignal.UpgradeReceiver"
234-->[com.onesignal:OneSignal:4.8.2] AndroidManifest.xml:114:13-57
235            android:exported="true" >
235-->[com.onesignal:OneSignal:4.8.2] AndroidManifest.xml:115:13-36
236            <intent-filter>
236-->[com.onesignal:OneSignal:4.8.2] AndroidManifest.xml:116:13-118:29
237                <action android:name="android.intent.action.MY_PACKAGE_REPLACED" />
237-->[:flutter_local_notifications] AndroidManifest.xml:27:17-84
237-->[:flutter_local_notifications] AndroidManifest.xml:27:25-81
238            </intent-filter>
239        </receiver>
240
241        <activity
241-->[com.onesignal:OneSignal:4.8.2] AndroidManifest.xml:121:9-127:75
242            android:name="com.onesignal.NotificationOpenedReceiver"
242-->[com.onesignal:OneSignal:4.8.2] AndroidManifest.xml:122:13-68
243            android:excludeFromRecents="true"
243-->[com.onesignal:OneSignal:4.8.2] AndroidManifest.xml:123:13-46
244            android:exported="true"
244-->[com.onesignal:OneSignal:4.8.2] AndroidManifest.xml:124:13-36
245            android:noHistory="true"
245-->[com.onesignal:OneSignal:4.8.2] AndroidManifest.xml:125:13-37
246            android:taskAffinity=""
246-->[com.onesignal:OneSignal:4.8.2] AndroidManifest.xml:126:13-36
247            android:theme="@android:style/Theme.Translucent.NoTitleBar" />
247-->[com.onesignal:OneSignal:4.8.2] AndroidManifest.xml:127:13-72
248        <activity
248-->[com.onesignal:OneSignal:4.8.2] AndroidManifest.xml:128:9-133:75
249            android:name="com.onesignal.NotificationOpenedReceiverAndroid22AndOlder"
249-->[com.onesignal:OneSignal:4.8.2] AndroidManifest.xml:129:13-85
250            android:excludeFromRecents="true"
250-->[com.onesignal:OneSignal:4.8.2] AndroidManifest.xml:130:13-46
251            android:exported="true"
251-->[com.onesignal:OneSignal:4.8.2] AndroidManifest.xml:131:13-36
252            android:noHistory="true"
252-->[com.onesignal:OneSignal:4.8.2] AndroidManifest.xml:132:13-37
253            android:theme="@android:style/Theme.Translucent.NoTitleBar" />
253-->[com.onesignal:OneSignal:4.8.2] AndroidManifest.xml:133:13-72
254
255        <uses-library
255-->[androidx.window:window:1.0.0-beta04] AndroidManifest.xml:25:9-27:40
256            android:name="androidx.window.extensions"
256-->[androidx.window:window:1.0.0-beta04] AndroidManifest.xml:26:13-54
257            android:required="false" />
257-->[androidx.window:window:1.0.0-beta04] AndroidManifest.xml:27:13-37
258        <uses-library
258-->[androidx.window:window:1.0.0-beta04] AndroidManifest.xml:28:9-30:40
259            android:name="androidx.window.sidecar"
259-->[androidx.window:window:1.0.0-beta04] AndroidManifest.xml:29:13-51
260            android:required="false" />
260-->[androidx.window:window:1.0.0-beta04] AndroidManifest.xml:30:13-37
261
262        <receiver
262-->[com.google.firebase:firebase-messaging:23.0.8] AndroidManifest.xml:32:9-39:20
263            android:name="com.google.firebase.iid.FirebaseInstanceIdReceiver"
263-->[com.google.firebase:firebase-messaging:23.0.8] AndroidManifest.xml:33:13-78
264            android:exported="true"
264-->[com.google.firebase:firebase-messaging:23.0.8] AndroidManifest.xml:34:13-36
265            android:permission="com.google.android.c2dm.permission.SEND" >
265-->[com.google.firebase:firebase-messaging:23.0.8] AndroidManifest.xml:35:13-73
266            <intent-filter>
266-->[com.google.firebase:firebase-messaging:23.0.8] AndroidManifest.xml:36:13-38:29
267                <action android:name="com.google.android.c2dm.intent.RECEIVE" />
267-->[com.onesignal:OneSignal:4.8.2] AndroidManifest.xml:57:17-81
267-->[com.onesignal:OneSignal:4.8.2] AndroidManifest.xml:57:25-78
268            </intent-filter>
269        </receiver>